{"/home/ubuntu/finance_code/backend/src/utils/sum.js": {"path":"/home/ubuntu/finance_code/backend/src/utils/sum.js","all":false,"statementMap":{"0":{"start":{"line":1,"column":0},"end":{"line":1,"column":35}}},"s":{"0":1},"branchMap":{"0":{"type":"branch","line":1,"loc":{"start":{"line":1,"column":0},"end":{"line":1,"column":35}},"locations":[{"start":{"line":1,"column":0},"end":{"line":1,"column":35}}]},"1":{"type":"branch","line":1,"loc":{"start":{"line":1,"column":19},"end":{"line":1,"column":34}},"locations":[{"start":{"line":1,"column":19},"end":{"line":1,"column":34}}]}},"b":{"0":[1],"1":[1]},"fnMap":{"0":{"name":"sum","decl":{"start":{"line":1,"column":19},"end":{"line":1,"column":34}},"loc":{"start":{"line":1,"column":19},"end":{"line":1,"column":34}},"line":1}},"f":{"0":1}}
}
